c:\users\garet\documents\visualembedded\lcd_display\visualgdb\debug\lcd
c:\users\garet\documents\visualembedded\lcd_display\visualgdb\debug\lcd.link.rsp
c:\users\garet\documents\visualembedded\lcd_display\visualgdb\debug\lcd.mkbin.rsp
c:\users\garet\documents\visualembedded\lcd_display\visualgdb\debug\lcd.bin
c:\users\garet\documents\visualembedded\lcd_display\lcd\visualgdb\debug\gpio.o
c:\users\garet\documents\visualembedded\lcd_display\lcd\visualgdb\debug\lcd16x2.o
c:\users\garet\documents\visualembedded\lcd_display\lcd\visualgdb\debug\main.o
c:\users\garet\documents\visualembedded\lcd_display\lcd\visualgdb\debug\startup_stm32f411xe.o
c:\users\garet\documents\visualembedded\lcd_display\lcd\visualgdb\debug\stm32f4xx_hal.o
c:\users\garet\documents\visualembedded\lcd_display\lcd\visualgdb\debug\stm32f4xx_hal_cortex.o
c:\users\garet\documents\visualembedded\lcd_display\lcd\visualgdb\debug\stm32f4xx_hal_dma.o
c:\users\garet\documents\visualembedded\lcd_display\lcd\visualgdb\debug\stm32f4xx_hal_dma_ex.o
c:\users\garet\documents\visualembedded\lcd_display\lcd\visualgdb\debug\stm32f4xx_hal_flash.o
c:\users\garet\documents\visualembedded\lcd_display\lcd\visualgdb\debug\stm32f4xx_hal_flash_ex.o
c:\users\garet\documents\visualembedded\lcd_display\lcd\visualgdb\debug\stm32f4xx_hal_flash_ramfunc.o
c:\users\garet\documents\visualembedded\lcd_display\lcd\visualgdb\debug\stm32f4xx_hal_gpio.o
c:\users\garet\documents\visualembedded\lcd_display\lcd\visualgdb\debug\stm32f4xx_hal_msp.o
c:\users\garet\documents\visualembedded\lcd_display\lcd\visualgdb\debug\stm32f4xx_hal_pwr.o
c:\users\garet\documents\visualembedded\lcd_display\lcd\visualgdb\debug\stm32f4xx_hal_pwr_ex.o
c:\users\garet\documents\visualembedded\lcd_display\lcd\visualgdb\debug\stm32f4xx_hal_rcc.o
c:\users\garet\documents\visualembedded\lcd_display\lcd\visualgdb\debug\stm32f4xx_hal_rcc_ex.o
c:\users\garet\documents\visualembedded\lcd_display\lcd\visualgdb\debug\stm32f4xx_hal_tim.o
c:\users\garet\documents\visualembedded\lcd_display\lcd\visualgdb\debug\stm32f4xx_hal_tim_ex.o
c:\users\garet\documents\visualembedded\lcd_display\lcd\visualgdb\debug\stm32f4xx_it.o
c:\users\garet\documents\visualembedded\lcd_display\lcd\visualgdb\debug\system_stm32f4xx.o
c:\users\garet\documents\visualembedded\lcd_display\lcd\visualgdb\debug\gpio.dep
c:\users\garet\documents\visualembedded\lcd_display\lcd\visualgdb\debug\lcd16x2.dep
c:\users\garet\documents\visualembedded\lcd_display\lcd\visualgdb\debug\main.dep
c:\users\garet\documents\visualembedded\lcd_display\lcd\visualgdb\debug\startup_stm32f411xe.dep
c:\users\garet\documents\visualembedded\lcd_display\lcd\visualgdb\debug\stm32f4xx_hal.dep
c:\users\garet\documents\visualembedded\lcd_display\lcd\visualgdb\debug\stm32f4xx_hal_cortex.dep
c:\users\garet\documents\visualembedded\lcd_display\lcd\visualgdb\debug\stm32f4xx_hal_dma.dep
c:\users\garet\documents\visualembedded\lcd_display\lcd\visualgdb\debug\stm32f4xx_hal_dma_ex.dep
c:\users\garet\documents\visualembedded\lcd_display\lcd\visualgdb\debug\stm32f4xx_hal_flash.dep
c:\users\garet\documents\visualembedded\lcd_display\lcd\visualgdb\debug\stm32f4xx_hal_flash_ex.dep
c:\users\garet\documents\visualembedded\lcd_display\lcd\visualgdb\debug\stm32f4xx_hal_flash_ramfunc.dep
c:\users\garet\documents\visualembedded\lcd_display\lcd\visualgdb\debug\stm32f4xx_hal_gpio.dep
c:\users\garet\documents\visualembedded\lcd_display\lcd\visualgdb\debug\stm32f4xx_hal_msp.dep
c:\users\garet\documents\visualembedded\lcd_display\lcd\visualgdb\debug\stm32f4xx_hal_pwr.dep
c:\users\garet\documents\visualembedded\lcd_display\lcd\visualgdb\debug\stm32f4xx_hal_pwr_ex.dep
c:\users\garet\documents\visualembedded\lcd_display\lcd\visualgdb\debug\stm32f4xx_hal_rcc.dep
c:\users\garet\documents\visualembedded\lcd_display\lcd\visualgdb\debug\stm32f4xx_hal_rcc_ex.dep
c:\users\garet\documents\visualembedded\lcd_display\lcd\visualgdb\debug\stm32f4xx_hal_tim.dep
c:\users\garet\documents\visualembedded\lcd_display\lcd\visualgdb\debug\stm32f4xx_hal_tim_ex.dep
c:\users\garet\documents\visualembedded\lcd_display\lcd\visualgdb\debug\stm32f4xx_it.dep
c:\users\garet\documents\visualembedded\lcd_display\lcd\visualgdb\debug\system_stm32f4xx.dep
c:\users\garet\documents\visualembedded\lcd_display\lcd\visualgdb\debug\gpio.gcc.rsp
c:\users\garet\documents\visualembedded\lcd_display\lcd\visualgdb\debug\lcd16x2.gcc.rsp
c:\users\garet\documents\visualembedded\lcd_display\lcd\visualgdb\debug\main.gcc.rsp
c:\users\garet\documents\visualembedded\lcd_display\lcd\visualgdb\debug\startup_stm32f411xe.gcc.rsp
c:\users\garet\documents\visualembedded\lcd_display\lcd\visualgdb\debug\stm32f4xx_hal.gcc.rsp
c:\users\garet\documents\visualembedded\lcd_display\lcd\visualgdb\debug\stm32f4xx_hal_cortex.gcc.rsp
c:\users\garet\documents\visualembedded\lcd_display\lcd\visualgdb\debug\stm32f4xx_hal_dma.gcc.rsp
c:\users\garet\documents\visualembedded\lcd_display\lcd\visualgdb\debug\stm32f4xx_hal_dma_ex.gcc.rsp
c:\users\garet\documents\visualembedded\lcd_display\lcd\visualgdb\debug\stm32f4xx_hal_flash.gcc.rsp
c:\users\garet\documents\visualembedded\lcd_display\lcd\visualgdb\debug\stm32f4xx_hal_flash_ex.gcc.rsp
c:\users\garet\documents\visualembedded\lcd_display\lcd\visualgdb\debug\stm32f4xx_hal_flash_ramfunc.gcc.rsp
c:\users\garet\documents\visualembedded\lcd_display\lcd\visualgdb\debug\stm32f4xx_hal_gpio.gcc.rsp
c:\users\garet\documents\visualembedded\lcd_display\lcd\visualgdb\debug\stm32f4xx_hal_msp.gcc.rsp
c:\users\garet\documents\visualembedded\lcd_display\lcd\visualgdb\debug\stm32f4xx_hal_pwr.gcc.rsp
c:\users\garet\documents\visualembedded\lcd_display\lcd\visualgdb\debug\stm32f4xx_hal_pwr_ex.gcc.rsp
c:\users\garet\documents\visualembedded\lcd_display\lcd\visualgdb\debug\stm32f4xx_hal_rcc.gcc.rsp
c:\users\garet\documents\visualembedded\lcd_display\lcd\visualgdb\debug\stm32f4xx_hal_rcc_ex.gcc.rsp
c:\users\garet\documents\visualembedded\lcd_display\lcd\visualgdb\debug\stm32f4xx_hal_tim.gcc.rsp
c:\users\garet\documents\visualembedded\lcd_display\lcd\visualgdb\debug\stm32f4xx_hal_tim_ex.gcc.rsp
c:\users\garet\documents\visualembedded\lcd_display\lcd\visualgdb\debug\stm32f4xx_it.gcc.rsp
c:\users\garet\documents\visualembedded\lcd_display\lcd\visualgdb\debug\system_stm32f4xx.gcc.rsp
c:\users\garet\documents\visualembedded\lcd_display\lcd\visualgdb\debug\lcd.alldeps
